2020-10-22 12:13 INFO :iNetBankingV1[loginTest] URL is opened 
2020-10-22 12:13 INFO :iNetBankingV1[loginTest] username is entered 
2020-10-22 12:13 INFO :iNetBankingV1[loginTest] pwd is entered 
2020-10-22 12:13 INFO :iNetBankingV1[loginTest] URL is opened 
2020-10-22 12:13 INFO :iNetBankingV1[loginTest] username is entered 
2020-10-22 12:13 INFO :iNetBankingV1[loginTest] pwd is entered 
2020-10-22 12:15 INFO :iNetBankingV1[loginTest] URL is opened 
2020-10-22 12:15 INFO :iNetBankingV1[loginTest] username is entered 
2020-10-22 12:15 INFO :iNetBankingV1[loginTest] pwd is entered 
2020-10-22 12:15 INFO :iNetBankingV1[loginTest] Login test passed 
2020-10-22 04:12 INFO :iNetBankingV1[loginTest] URL is opened 
2020-10-22 04:12 INFO :iNetBankingV1[loginTest] username is entered 
2020-10-22 04:12 INFO :iNetBankingV1[loginTest] pwd is entered 
2020-10-22 04:13 INFO :iNetBankingV1[loginTest] URL is opened 
2020-10-22 04:13 INFO :iNetBankingV1[loginTest] username is entered 
2020-10-22 04:13 INFO :iNetBankingV1[loginTest] pwd is entered 
2020-10-22 04:15 INFO :iNetBankingV1[loginTest] URL is opened 
2020-10-22 04:15 INFO :iNetBankingV1[loginTest] username is entered 
2020-10-22 04:15 INFO :iNetBankingV1[loginTest] pwd is entered 
2020-10-22 04:15 INFO :iNetBankingV1[loginTest] Login test passed 
2020-10-22 05:13 INFO :iNetBankingV1[loginTest] URL is opened 
2020-10-22 05:13 INFO :iNetBankingV1[loginTest] username is entered 
2020-10-22 05:13 INFO :iNetBankingV1[loginTest] pwd is entered 
2020-10-22 05:14 INFO :iNetBankingV1[loginTest] Login test passed 
2020-10-22 05:16 INFO :iNetBankingV1[loginTest] URL is opened 
2020-10-22 05:16 INFO :iNetBankingV1[loginTest] username is entered 
2020-10-22 05:16 INFO :iNetBankingV1[loginTest] pwd is entered 
2020-10-22 05:17 INFO :iNetBankingV1[loginTest] URL is opened 
2020-10-22 05:17 INFO :iNetBankingV1[loginTest] username is entered 
2020-10-22 05:17 INFO :iNetBankingV1[loginTest] pwd is entered 
2020-10-22 05:17 INFO :iNetBankingV1[loginTest] URL is opened 
2020-10-22 05:17 INFO :iNetBankingV1[loginTest] username is entered 
2020-10-22 05:17 INFO :iNetBankingV1[loginTest] pwd is entered 
2020-10-22 05:20 INFO :iNetBankingV1[loginTest] URL is opened 
2020-10-22 05:20 INFO :iNetBankingV1[loginTest] username is entered 
2020-10-22 05:20 INFO :iNetBankingV1[loginTest] pwd is entered 
2020-10-22 05:21 INFO :iNetBankingV1[loginTest] URL is opened 
2020-10-22 05:22 INFO :iNetBankingV1[loginTest] username is entered 
2020-10-22 05:22 INFO :iNetBankingV1[loginTest] pwd is entered 
2020-10-22 05:22 INFO :iNetBankingV1[loginTest] Login test passed 
2020-10-22 05:23 INFO :iNetBankingV1[loginTest] URL is opened 
2020-10-22 05:23 INFO :iNetBankingV1[loginTest] username is entered 
2020-10-22 05:23 INFO :iNetBankingV1[loginTest] pwd is entered 
2020-10-22 05:24 INFO :iNetBankingV1[loginTest] URL is opened 
2020-10-22 05:24 INFO :iNetBankingV1[loginTest] username is entered 
2020-10-22 05:24 INFO :iNetBankingV1[loginTest] pwd is entered 
2020-10-22 05:26 INFO :iNetBankingV1[loginTest] URL is opened 
2020-10-22 05:26 INFO :iNetBankingV1[loginTest] username is entered 
2020-10-22 05:26 INFO :iNetBankingV1[loginTest] pwd is entered 
2020-10-22 05:30 INFO :iNetBankingV1[loginTest] URL is opened 
2020-10-22 05:30 INFO :iNetBankingV1[loginTest] username is entered 
2020-10-22 05:30 INFO :iNetBankingV1[loginTest] pwd is entered 
2020-10-22 05:33 INFO :iNetBankingV1[loginTest] URL is opened 
2020-10-22 05:33 INFO :iNetBankingV1[loginTest] username is entered 
2020-10-22 05:33 INFO :iNetBankingV1[loginTest] pwd is entered 
2020-10-22 05:34 INFO :iNetBankingV1[loginTest] URL is opened 
2020-10-22 05:34 INFO :iNetBankingV1[loginTest] username is entered 
2020-10-22 05:34 INFO :iNetBankingV1[loginTest] pwd is entered 
2020-10-22 05:35 INFO :iNetBankingV1[loginTest] URL is opened 
2020-10-22 05:35 INFO :iNetBankingV1[loginTest] username is entered 
2020-10-22 05:35 INFO :iNetBankingV1[loginTest] pwd is entered 
2020-10-22 05:48 INFO :iNetBankingV1[loginTest] URL is opened 
2020-10-22 05:48 INFO :iNetBankingV1[loginTest] username is entered 
2020-10-22 05:48 INFO :iNetBankingV1[loginTest] pwd is entered 
2020-10-22 05:52 INFO :iNetBankingV1[loginTest] URL is opened 
2020-10-22 05:52 INFO :iNetBankingV1[loginTest] username is entered 
2020-10-22 05:52 INFO :iNetBankingV1[loginTest] pwd is entered 
2020-10-22 05:52 INFO :iNetBankingV1[loginTest] Login test passed 
2020-10-27 06:26 INFO :iNetBankingV1[loginTest] URL is opened 
2020-10-27 06:26 INFO :iNetBankingV1[loginTest] username is entered 
2020-10-27 06:26 INFO :iNetBankingV1[loginTest] pwd is entered 
2020-10-27 06:26 INFO :iNetBankingV1[loginTest] Login test passed 
2020-10-27 06:29 INFO :iNetBankingV1[loginTest] URL is opened 
2020-10-27 06:29 INFO :iNetBankingV1[loginTest] username is entered 
2020-10-27 06:29 INFO :iNetBankingV1[loginTest] pwd is entered 
2020-10-27 06:29 INFO :iNetBankingV1[loginTest] Login test passed 
2020-10-29 10:48 INFO :iNetBankingV1[loginTest] URL is opened 
2020-10-29 10:48 INFO :iNetBankingV1[loginTest] username is entered 
2020-10-29 10:48 INFO :iNetBankingV1[loginTest] pwd is entered 
2020-10-29 10:56 INFO :iNetBankingV1[loginTest] URL is opened 
2020-10-29 10:56 INFO :iNetBankingV1[loginTest] username is entered 
2020-10-29 10:56 INFO :iNetBankingV1[loginTest] pwd is entered 
2020-10-29 10:57 INFO :iNetBankingV1[loginTest] URL is opened 
2020-10-29 10:57 INFO :iNetBankingV1[loginTest] username is entered 
2020-10-29 10:57 INFO :iNetBankingV1[loginTest] pwd is entered 
2020-10-29 11:03 INFO :iNetBankingV1[loginTest] URL is opened 
2020-10-29 11:03 INFO :iNetBankingV1[loginTest] username is entered 
2020-10-29 11:03 INFO :iNetBankingV1[loginTest] pwd is entered 
2020-10-29 11:05 INFO :iNetBankingV1[loginTest] URL is opened 
2020-10-29 11:05 INFO :iNetBankingV1[loginTest] username is entered 
2020-10-29 11:05 INFO :iNetBankingV1[loginTest] pwd is entered 
2020-10-29 11:06 INFO :iNetBankingV1[loginTest] URL is opened 
2020-10-29 11:06 INFO :iNetBankingV1[loginTest] username is entered 
2020-10-29 11:06 INFO :iNetBankingV1[loginTest] pwd is entered 
2020-10-29 11:06 INFO :iNetBankingV1[loginTest] Login test passed 
2020-10-29 11:11 INFO :iNetBankingV1[loginTest] URL is opened 
2020-10-29 11:11 INFO :iNetBankingV1[loginTest] username is entered 
2020-10-29 11:11 INFO :iNetBankingV1[loginTest] pwd is entered 
2020-10-29 11:15 INFO :iNetBankingV1[loginTest] URL is opened 
2020-10-29 11:15 INFO :iNetBankingV1[loginTest] username is entered 
2020-10-29 11:15 INFO :iNetBankingV1[loginTest] pwd is entered 
2020-10-29 11:15 INFO :iNetBankingV1[loginTest] Login test passed 
2020-10-29 11:27 INFO :iNetBankingV1[loginTest] URL is opened 
2020-10-29 11:27 INFO :iNetBankingV1[loginTest] username is entered 
2020-10-29 11:27 INFO :iNetBankingV1[loginTest] pwd is entered 
2020-10-29 11:27 INFO :iNetBankingV1[loginTest] Login test passed 
2020-10-29 11:43 INFO :iNetBankingV1[loginTest] URL is opened 
2020-10-29 11:43 INFO :iNetBankingV1[loginTest] username is entered 
2020-10-29 11:44 INFO :iNetBankingV1[loginTest] pwd is entered 
2020-10-29 11:44 INFO :iNetBankingV1[loginTest] URL is opened 
2020-10-29 11:44 INFO :iNetBankingV1[loginTest] username is entered 
2020-10-29 11:45 INFO :iNetBankingV1[loginTest] pwd is entered 
2020-10-29 11:45 INFO :iNetBankingV1[loginTest] Login test passed 
2020-10-29 11:47 INFO :iNetBankingV1[loginTest] URL is opened 
2020-10-29 11:47 INFO :iNetBankingV1[loginTest] username is entered 
2020-10-29 11:47 INFO :iNetBankingV1[loginTest] pwd is entered 
2020-10-29 11:47 INFO :iNetBankingV1[loginTest] Login test passed 
2020-10-30 04:54 INFO :iNetBankingV1[LoginDDT] username is provided 
2020-10-30 04:54 INFO :iNetBankingV1[LoginDDT] password is provided 
2020-10-30 04:54 INFO :iNetBankingV1[LoginDDT] Login passed 
2020-10-30 04:54 INFO :iNetBankingV1[LoginDDT] username is provided 
2020-10-30 04:54 INFO :iNetBankingV1[LoginDDT] password is provided 
2020-10-30 04:54 INFO :iNetBankingV1[LoginDDT] username is provided 
2020-10-30 04:54 INFO :iNetBankingV1[LoginDDT] password is provided 
2020-10-30 04:54 INFO :iNetBankingV1[LoginDDT] username is provided 
2020-10-30 04:54 INFO :iNetBankingV1[LoginDDT] password is provided 
2020-10-30 04:54 INFO :iNetBankingV1[LoginDDT] Login passed 
2020-10-30 04:54 INFO :iNetBankingV1[LoginDDT] username is provided 
2020-10-30 04:54 INFO :iNetBankingV1[LoginDDT] password is provided 
2020-10-30 05:04 INFO :iNetBankingV1[LoginDDT] username is provided 
2020-10-30 05:04 INFO :iNetBankingV1[LoginDDT] password is provided 
2020-10-30 05:04 INFO :iNetBankingV1[LoginDDT] Login passed 
2020-10-30 05:04 INFO :iNetBankingV1[LoginDDT] username is provided 
2020-10-30 05:04 INFO :iNetBankingV1[LoginDDT] password is provided 
2020-10-30 05:04 INFO :iNetBankingV1[LoginDDT] Login passed 
2020-10-30 05:04 INFO :iNetBankingV1[LoginDDT] username is provided 
2020-10-30 05:04 INFO :iNetBankingV1[LoginDDT] password is provided 
2020-10-30 05:04 INFO :iNetBankingV1[LoginDDT] username is provided 
2020-10-30 05:04 INFO :iNetBankingV1[LoginDDT] password is provided 
2020-10-30 05:04 INFO :iNetBankingV1[LoginDDT] Login passed 
2020-10-30 05:04 INFO :iNetBankingV1[LoginDDT] username is provided 
2020-10-30 05:04 INFO :iNetBankingV1[LoginDDT] password is provided 
2020-11-04 12:19 INFO :iNetBankingV1[addNewCustomer] username is provided 
2020-11-04 12:19 INFO :iNetBankingV1[addNewCustomer] Password is provided 
2020-11-04 12:24 INFO :iNetBankingV1[addNewCustomer] username is provided 
2020-11-04 12:24 INFO :iNetBankingV1[addNewCustomer] Password is provided 
2020-11-04 12:29 INFO :iNetBankingV1[addNewCustomer] username is provided 
2020-11-04 12:29 INFO :iNetBankingV1[addNewCustomer] Password is provided 
2020-11-04 01:21 INFO :iNetBankingV1[addNewCustomer] username is provided 
2020-11-04 01:21 INFO :iNetBankingV1[addNewCustomer] Password is provided 
2020-11-04 01:21 INFO :iNetBankingV1[addNewCustomer] providing Customer details.... 
2020-11-04 01:21 INFO :iNetBankingV1[addNewCustomer] Validation started.. 
2020-11-04 01:25 INFO :iNetBankingV1[addNewCustomer] username is provided 
2020-11-04 01:25 INFO :iNetBankingV1[addNewCustomer] Password is provided 
2020-11-04 01:25 INFO :iNetBankingV1[addNewCustomer] providing Customer details.... 
2020-11-04 01:26 INFO :iNetBankingV1[addNewCustomer] Validation started.. 
2020-11-04 01:28 INFO :iNetBankingV1[addNewCustomer] username is provided 
2020-11-04 01:28 INFO :iNetBankingV1[addNewCustomer] Password is provided 
2020-11-04 01:28 INFO :iNetBankingV1[addNewCustomer] providing Customer details.... 
2020-11-04 01:29 INFO :iNetBankingV1[addNewCustomer] Validation started.. 
2020-11-04 01:30 INFO :iNetBankingV1[addNewCustomer] username is provided 
2020-11-04 01:30 INFO :iNetBankingV1[addNewCustomer] Password is provided 
2020-11-04 01:30 INFO :iNetBankingV1[addNewCustomer] providing Customer details.... 
2020-11-04 01:30 INFO :iNetBankingV1[addNewCustomer] Validation started.. 
2020-11-04 01:30 INFO :iNetBankingV1[addNewCustomer] test case is passed.. 
2020-11-04 01:34 INFO :iNetBankingV1[loginTest] URL is opened 
2020-11-04 01:34 INFO :iNetBankingV1[loginTest] username is entered 
2020-11-04 01:34 INFO :iNetBankingV1[loginTest] pwd is entered 
2020-11-04 01:34 INFO :iNetBankingV1[loginTest] Login test passed 
2020-11-04 01:34 INFO :iNetBankingV1[LoginDDT] username is provided 
2020-11-04 01:34 INFO :iNetBankingV1[LoginDDT] password is provided 
2020-11-04 01:35 INFO :iNetBankingV1[LoginDDT] Login passed 
2020-11-04 01:35 INFO :iNetBankingV1[LoginDDT] username is provided 
2020-11-04 01:35 INFO :iNetBankingV1[LoginDDT] password is provided 
2020-11-04 01:35 INFO :iNetBankingV1[LoginDDT] username is provided 
2020-11-04 01:35 INFO :iNetBankingV1[LoginDDT] password is provided 
2020-11-04 01:35 INFO :iNetBankingV1[LoginDDT] username is provided 
2020-11-04 01:35 INFO :iNetBankingV1[LoginDDT] password is provided 
2020-11-04 01:35 INFO :iNetBankingV1[LoginDDT] Login passed 
2020-11-04 01:35 INFO :iNetBankingV1[LoginDDT] username is provided 
2020-11-04 01:35 INFO :iNetBankingV1[LoginDDT] password is provided 
2020-11-04 01:35 INFO :iNetBankingV1[addNewCustomer] username is provided 
2020-11-04 01:35 INFO :iNetBankingV1[addNewCustomer] Password is provided 
2020-11-04 01:36 INFO :iNetBankingV1[addNewCustomer] providing Customer details.... 
2020-11-04 01:36 INFO :iNetBankingV1[addNewCustomer] Validation started.. 
2020-11-04 01:39 INFO :iNetBankingV1[loginTest] URL is opened 
2020-11-04 01:39 INFO :iNetBankingV1[loginTest] username is entered 
2020-11-04 01:39 INFO :iNetBankingV1[loginTest] pwd is entered 
2020-11-04 01:39 INFO :iNetBankingV1[loginTest] Login test passed 
2020-11-04 01:39 INFO :iNetBankingV1[LoginDDT] username is provided 
2020-11-04 01:40 INFO :iNetBankingV1[LoginDDT] password is provided 
2020-11-04 01:40 INFO :iNetBankingV1[LoginDDT] Login passed 
2020-11-04 01:40 INFO :iNetBankingV1[LoginDDT] username is provided 
2020-11-04 01:40 INFO :iNetBankingV1[LoginDDT] password is provided 
2020-11-04 01:40 INFO :iNetBankingV1[LoginDDT] username is provided 
2020-11-04 01:40 INFO :iNetBankingV1[LoginDDT] password is provided 
2020-11-04 01:40 INFO :iNetBankingV1[LoginDDT] username is provided 
2020-11-04 01:40 INFO :iNetBankingV1[LoginDDT] password is provided 
2020-11-04 01:40 INFO :iNetBankingV1[LoginDDT] Login passed 
2020-11-04 01:40 INFO :iNetBankingV1[LoginDDT] username is provided 
2020-11-04 01:40 INFO :iNetBankingV1[LoginDDT] password is provided 
2020-11-04 01:40 INFO :iNetBankingV1[addNewCustomer] username is provided 
2020-11-04 01:40 INFO :iNetBankingV1[addNewCustomer] Password is provided 
2020-11-04 01:41 INFO :iNetBankingV1[addNewCustomer] providing Customer details.... 
2020-11-04 01:41 INFO :iNetBankingV1[addNewCustomer] Validation started.. 
2020-11-04 01:41 INFO :iNetBankingV1[addNewCustomer] test case is passed.. 
